<html>
<head>
<title>TestNG:  Test</title>
<link href="../testng.css" rel="stylesheet" type="text/css" />
<link href="../my-testng.css" rel="stylesheet" type="text/css" />

<style type="text/css">
.log { display: none;} 
.stack-trace { display: none;} 
</style>
<script type="text/javascript">
<!--
function flip(e) {
  current = e.style.display;
  if (current == 'block') {
    e.style.display = 'none';
    return 0;
  }
  else {
    e.style.display = 'block';
    return 1;
  }
}

function toggleBox(szDivId, elem, msg1, msg2)
{
  var res = -1;  if (document.getElementById) {
    res = flip(document.getElementById(szDivId));
  }
  else if (document.all) {
    // this is the way old msie versions work
    res = flip(document.all[szDivId]);
  }
  if(elem) {
    if(res == 0) elem.innerHTML = msg1; else elem.innerHTML = msg2;
  }

}

function toggleAllBoxes() {
  if (document.getElementsByTagName) {
    d = document.getElementsByTagName('div');
    for (i = 0; i < d.length; i++) {
      if (d[i].className == 'log') {
        flip(d[i]);
      }
    }
  }
}

// -->
</script>

</head>
<body>
<h2 align='center'>Test</h2><table border='1' align="center">
<tr>
<td>Tests passed/Failed/Skipped:</td><td>29/4/1</td>
</tr><tr>
<td>Started on:</td><td>Mon May 06 16:09:20 IST 2024</td>
</tr>
<tr><td>Total time:</td><td>9 seconds (9464 ms)</td>
</tr><tr>
<td>Included groups:</td><td></td>
</tr><tr>
<td>Excluded groups:</td><td></td>
</tr>
</table><p/>
<small><i>(Hover the method name to see the test class name)</i></small><p/>
<table width='100%' border='1' class='invocation-failed'>
<tr><td colspan='4' align='center'><b>FAILED TESTS</b></td></tr>
<tr><td><b>Test method</b></td>
<td width="30%"><b>Exception</b></td>
<td width="10%"><b>Time (seconds)</b></td>
<td><b>Instance</b></td>
</tr>
<tr>
<td title='betterassertion.Hard_Assert.TC1()'><b>TC1</b><br>Test class: betterassertion.Hard_Assert</td>
<td><div><pre>java.lang.AssertionError: Both are not matching expected [Hello] but found [Hii]
	at betterassertion.Hard_Assert.TC1(Hard_Assert.java:11)
	at java.base/java.util.ArrayList.forEach(ArrayList.java:1511)
... Removed 32 stack frames</pre></div><a href='#' onClick='toggleBox("stack-trace258535644", this, "Click to show all stack frames", "Click to hide stack frames")'>Click to show all stack frames</a>
<div class='stack-trace' id='stack-trace258535644'><pre>java.lang.AssertionError: Both are not matching expected [Hello] but found [Hii]
	at org.testng.Assert.fail(Assert.java:99)
	at org.testng.Assert.failNotEquals(Assert.java:1037)
	at org.testng.Assert.assertEqualsImpl(Assert.java:140)
	at org.testng.Assert.assertEquals(Assert.java:122)
	at org.testng.Assert.assertEquals(Assert.java:629)
	at betterassertion.Hard_Assert.TC1(Hard_Assert.java:11)
	at java.base/jdk.internal.reflect.NativeMethodAccessorImpl.invoke0(Native Method)
	at java.base/jdk.internal.reflect.NativeMethodAccessorImpl.invoke(NativeMethodAccessorImpl.java:77)
	at java.base/jdk.internal.reflect.DelegatingMethodAccessorImpl.invoke(DelegatingMethodAccessorImpl.java:43)
	at java.base/java.lang.reflect.Method.invoke(Method.java:568)
	at org.testng.internal.MethodInvocationHelper.invokeMethod(MethodInvocationHelper.java:133)
	at org.testng.internal.TestInvoker.invokeMethod(TestInvoker.java:598)
	at org.testng.internal.TestInvoker.invokeTestMethod(TestInvoker.java:173)
	at org.testng.internal.MethodRunner.runInSequence(MethodRunner.java:46)
	at org.testng.internal.TestInvoker$MethodInvocationAgent.invoke(TestInvoker.java:824)
	at org.testng.internal.TestInvoker.invokeTestMethods(TestInvoker.java:146)
	at org.testng.internal.TestMethodWorker.invokeTestMethods(TestMethodWorker.java:146)
	at org.testng.internal.TestMethodWorker.run(TestMethodWorker.java:128)
	at java.base/java.util.ArrayList.forEach(ArrayList.java:1511)
	at org.testng.TestRunner.privateRun(TestRunner.java:794)
	at org.testng.TestRunner.run(TestRunner.java:596)
	at org.testng.SuiteRunner.runTest(SuiteRunner.java:377)
	at org.testng.SuiteRunner.runSequentially(SuiteRunner.java:371)
	at org.testng.SuiteRunner.privateRun(SuiteRunner.java:332)
	at org.testng.SuiteRunner.run(SuiteRunner.java:276)
	at org.testng.SuiteRunnerWorker.runSuite(SuiteRunnerWorker.java:53)
	at org.testng.SuiteRunnerWorker.run(SuiteRunnerWorker.java:96)
	at org.testng.TestNG.runSuitesSequentially(TestNG.java:1212)
	at org.testng.TestNG.runSuitesLocally(TestNG.java:1134)
	at org.testng.TestNG.runSuites(TestNG.java:1063)
	at org.testng.TestNG.run(TestNG.java:1031)
	at org.testng.remote.AbstractRemoteTestNG.run(AbstractRemoteTestNG.java:115)
	at org.testng.remote.RemoteTestNG.initAndRun(RemoteTestNG.java:293)
	at org.testng.remote.RemoteTestNG.main(RemoteTestNG.java:91)
</pre></div></td>
<td>0</td>
<td>betterassertion.Hard_Assert@2e3967ea</td></tr>
<tr>
<td title='testNG_keywords.Dependsonmethods.login()'><b>login</b><br>Test class: testNG_keywords.Dependsonmethods<br/>
<a href="#Output-795321555" onClick='toggleBox("Output-795321555", this, "Show output", "Hide output");'>Show output</a>

<a href="#Output-795321555" onClick="toggleAllBoxes();">Show all outputs</a>
<div class='log' id="Output-795321555">
hello<br/>
</div>
</td>
<td><div><pre>java.lang.AssertionError: null
	at testNG_keywords.Dependsonmethods.login(Dependsonmethods.java:14)
	at java.base/java.util.ArrayList.forEach(ArrayList.java:1511)
... Removed 29 stack frames</pre></div><a href='#' onClick='toggleBox("stack-trace795321555", this, "Click to show all stack frames", "Click to hide stack frames")'>Click to show all stack frames</a>
<div class='stack-trace' id='stack-trace795321555'><pre>java.lang.AssertionError: null
	at org.testng.Assert.fail(Assert.java:99)
	at org.testng.Assert.fail(Assert.java:106)
	at testNG_keywords.Dependsonmethods.login(Dependsonmethods.java:14)
	at java.base/jdk.internal.reflect.NativeMethodAccessorImpl.invoke0(Native Method)
	at java.base/jdk.internal.reflect.NativeMethodAccessorImpl.invoke(NativeMethodAccessorImpl.java:77)
	at java.base/jdk.internal.reflect.DelegatingMethodAccessorImpl.invoke(DelegatingMethodAccessorImpl.java:43)
	at java.base/java.lang.reflect.Method.invoke(Method.java:568)
	at org.testng.internal.MethodInvocationHelper.invokeMethod(MethodInvocationHelper.java:133)
	at org.testng.internal.TestInvoker.invokeMethod(TestInvoker.java:598)
	at org.testng.internal.TestInvoker.invokeTestMethod(TestInvoker.java:173)
	at org.testng.internal.MethodRunner.runInSequence(MethodRunner.java:46)
	at org.testng.internal.TestInvoker$MethodInvocationAgent.invoke(TestInvoker.java:824)
	at org.testng.internal.TestInvoker.invokeTestMethods(TestInvoker.java:146)
	at org.testng.internal.TestMethodWorker.invokeTestMethods(TestMethodWorker.java:146)
	at org.testng.internal.TestMethodWorker.run(TestMethodWorker.java:128)
	at java.base/java.util.ArrayList.forEach(ArrayList.java:1511)
	at org.testng.TestRunner.privateRun(TestRunner.java:794)
	at org.testng.TestRunner.run(TestRunner.java:596)
	at org.testng.SuiteRunner.runTest(SuiteRunner.java:377)
	at org.testng.SuiteRunner.runSequentially(SuiteRunner.java:371)
	at org.testng.SuiteRunner.privateRun(SuiteRunner.java:332)
	at org.testng.SuiteRunner.run(SuiteRunner.java:276)
	at org.testng.SuiteRunnerWorker.runSuite(SuiteRunnerWorker.java:53)
	at org.testng.SuiteRunnerWorker.run(SuiteRunnerWorker.java:96)
	at org.testng.TestNG.runSuitesSequentially(TestNG.java:1212)
	at org.testng.TestNG.runSuitesLocally(TestNG.java:1134)
	at org.testng.TestNG.runSuites(TestNG.java:1063)
	at org.testng.TestNG.run(TestNG.java:1031)
	at org.testng.remote.AbstractRemoteTestNG.run(AbstractRemoteTestNG.java:115)
	at org.testng.remote.RemoteTestNG.initAndRun(RemoteTestNG.java:293)
	at org.testng.remote.RemoteTestNG.main(RemoteTestNG.java:91)
</pre></div></td>
<td>0</td>
<td>testNG_keywords.Dependsonmethods@6221a451</td></tr>
<tr>
<td title='betterassertion.Soft_assert.TC2()'><b>TC2</b><br>Test class: betterassertion.Soft_assert</td>
<td><div><pre>java.lang.AssertionError: The following asserts failed:
	both are not matching expected [hello] but found [hiii]
	at betterassertion.Soft_assert.TC2(Soft_assert.java:16)
	at java.base/java.util.ArrayList.forEach(ArrayList.java:1511)
... Removed 29 stack frames</pre></div><a href='#' onClick='toggleBox("stack-trace1987354705", this, "Click to show all stack frames", "Click to hide stack frames")'>Click to show all stack frames</a>
<div class='stack-trace' id='stack-trace1987354705'><pre>java.lang.AssertionError: The following asserts failed:
	both are not matching expected [hello] but found [hiii]
	at org.testng.asserts.SoftAssert.assertAll(SoftAssert.java:47)
	at org.testng.asserts.SoftAssert.assertAll(SoftAssert.java:31)
	at betterassertion.Soft_assert.TC2(Soft_assert.java:16)
	at java.base/jdk.internal.reflect.NativeMethodAccessorImpl.invoke0(Native Method)
	at java.base/jdk.internal.reflect.NativeMethodAccessorImpl.invoke(NativeMethodAccessorImpl.java:77)
	at java.base/jdk.internal.reflect.DelegatingMethodAccessorImpl.invoke(DelegatingMethodAccessorImpl.java:43)
	at java.base/java.lang.reflect.Method.invoke(Method.java:568)
	at org.testng.internal.MethodInvocationHelper.invokeMethod(MethodInvocationHelper.java:133)
	at org.testng.internal.TestInvoker.invokeMethod(TestInvoker.java:598)
	at org.testng.internal.TestInvoker.invokeTestMethod(TestInvoker.java:173)
	at org.testng.internal.MethodRunner.runInSequence(MethodRunner.java:46)
	at org.testng.internal.TestInvoker$MethodInvocationAgent.invoke(TestInvoker.java:824)
	at org.testng.internal.TestInvoker.invokeTestMethods(TestInvoker.java:146)
	at org.testng.internal.TestMethodWorker.invokeTestMethods(TestMethodWorker.java:146)
	at org.testng.internal.TestMethodWorker.run(TestMethodWorker.java:128)
	at java.base/java.util.ArrayList.forEach(ArrayList.java:1511)
	at org.testng.TestRunner.privateRun(TestRunner.java:794)
	at org.testng.TestRunner.run(TestRunner.java:596)
	at org.testng.SuiteRunner.runTest(SuiteRunner.java:377)
	at org.testng.SuiteRunner.runSequentially(SuiteRunner.java:371)
	at org.testng.SuiteRunner.privateRun(SuiteRunner.java:332)
	at org.testng.SuiteRunner.run(SuiteRunner.java:276)
	at org.testng.SuiteRunnerWorker.runSuite(SuiteRunnerWorker.java:53)
	at org.testng.SuiteRunnerWorker.run(SuiteRunnerWorker.java:96)
	at org.testng.TestNG.runSuitesSequentially(TestNG.java:1212)
	at org.testng.TestNG.runSuitesLocally(TestNG.java:1134)
	at org.testng.TestNG.runSuites(TestNG.java:1063)
	at org.testng.TestNG.run(TestNG.java:1031)
	at org.testng.remote.AbstractRemoteTestNG.run(AbstractRemoteTestNG.java:115)
	at org.testng.remote.RemoteTestNG.initAndRun(RemoteTestNG.java:293)
	at org.testng.remote.RemoteTestNG.main(RemoteTestNG.java:91)
</pre></div></td>
<td>0</td>
<td>betterassertion.Soft_assert@5677323c</td></tr>
<tr>
<td title='Test.TestNG_basics.verifylogo()'><b>verifylogo</b><br>Test class: Test.TestNG_basics</td>
<td><div><pre>java.lang.ArithmeticException: / by zero
	at Test.TestNG_basics.verifylogo(TestNG_basics.java:38)
	at java.base/java.util.ArrayList.forEach(ArrayList.java:1511)
... Removed 27 stack frames</pre></div><a href='#' onClick='toggleBox("stack-trace1041109062", this, "Click to show all stack frames", "Click to hide stack frames")'>Click to show all stack frames</a>
<div class='stack-trace' id='stack-trace1041109062'><pre>java.lang.ArithmeticException: / by zero
	at Test.TestNG_basics.verifylogo(TestNG_basics.java:38)
	at java.base/jdk.internal.reflect.NativeMethodAccessorImpl.invoke0(Native Method)
	at java.base/jdk.internal.reflect.NativeMethodAccessorImpl.invoke(NativeMethodAccessorImpl.java:77)
	at java.base/jdk.internal.reflect.DelegatingMethodAccessorImpl.invoke(DelegatingMethodAccessorImpl.java:43)
	at java.base/java.lang.reflect.Method.invoke(Method.java:568)
	at org.testng.internal.MethodInvocationHelper.invokeMethod(MethodInvocationHelper.java:133)
	at org.testng.internal.TestInvoker.invokeMethod(TestInvoker.java:598)
	at org.testng.internal.TestInvoker.invokeTestMethod(TestInvoker.java:173)
	at org.testng.internal.MethodRunner.runInSequence(MethodRunner.java:46)
	at org.testng.internal.TestInvoker$MethodInvocationAgent.invoke(TestInvoker.java:824)
	at org.testng.internal.TestInvoker.invokeTestMethods(TestInvoker.java:146)
	at org.testng.internal.TestMethodWorker.invokeTestMethods(TestMethodWorker.java:146)
	at org.testng.internal.TestMethodWorker.run(TestMethodWorker.java:128)
	at java.base/java.util.ArrayList.forEach(ArrayList.java:1511)
	at org.testng.TestRunner.privateRun(TestRunner.java:794)
	at org.testng.TestRunner.run(TestRunner.java:596)
	at org.testng.SuiteRunner.runTest(SuiteRunner.java:377)
	at org.testng.SuiteRunner.runSequentially(SuiteRunner.java:371)
	at org.testng.SuiteRunner.privateRun(SuiteRunner.java:332)
	at org.testng.SuiteRunner.run(SuiteRunner.java:276)
	at org.testng.SuiteRunnerWorker.runSuite(SuiteRunnerWorker.java:53)
	at org.testng.SuiteRunnerWorker.run(SuiteRunnerWorker.java:96)
	at org.testng.TestNG.runSuitesSequentially(TestNG.java:1212)
	at org.testng.TestNG.runSuitesLocally(TestNG.java:1134)
	at org.testng.TestNG.runSuites(TestNG.java:1063)
	at org.testng.TestNG.run(TestNG.java:1031)
	at org.testng.remote.AbstractRemoteTestNG.run(AbstractRemoteTestNG.java:115)
	at org.testng.remote.RemoteTestNG.initAndRun(RemoteTestNG.java:293)
	at org.testng.remote.RemoteTestNG.main(RemoteTestNG.java:91)
</pre></div></td>
<td>0</td>
<td>Test.TestNG_basics@70e9c95d</td></tr>
</table><p>
<table width='100%' border='1' class='invocation-passed'>
<tr><td colspan='4' align='center'><b>PASSED TESTS</b></td></tr>
<tr><td><b>Test method</b></td>
<td width="30%"><b>Exception</b></td>
<td width="10%"><b>Time (seconds)</b></td>
<td><b>Instance</b></td>
</tr>
<tr>
<td title='batchexecution.C.TC7()'><b>TC7</b><br>Test class: batchexecution.C<br/>
<a href="#Output-1290614253" onClick='toggleBox("Output-1290614253", this, "Show output", "Hide output");'>Show output</a>

<a href="#Output-1290614253" onClick="toggleAllBoxes();">Show all outputs</a>
<div class='log' id="Output-1290614253">
I am TC7<br/>
</div>
</td>
<td></td>
<td>0</td>
<td>batchexecution.C@5824a83d</td></tr>
<tr>
<td title='testNG_keywords.invocation.m1()'><b>m1</b><br>Test class: testNG_keywords.invocation<br/>
<a href="#Output-1296928719" onClick='toggleBox("Output-1296928719", this, "Show output", "Hide output");'>Show output</a>

<a href="#Output-1296928719" onClick="toggleAllBoxes();">Show all outputs</a>
<div class='log' id="Output-1296928719">
naresh it<br/>
</div>
</td>
<td></td>
<td>0</td>
<td>testNG_keywords.invocation@7b36aa0c</td></tr>
<tr>
<td title='practice.Demo.m2()'><b>m2</b><br>Test class: practice.Demo<br/>
<a href="#Output-1680503330" onClick='toggleBox("Output-1680503330", this, "Show output", "Hide output");'>Show output</a>

<a href="#Output-1680503330" onClick="toggleAllBoxes();">Show all outputs</a>
<div class='log' id="Output-1680503330">
hello good morning<br/>
</div>
</td>
<td></td>
<td>0</td>
<td>practice.Demo@52719fb6</td></tr>
<tr>
<td title='groupexecution.Group.login()'><b>login</b><br>Test class: groupexecution.Group<br/>
<a href="#Output-855724043" onClick='toggleBox("Output-855724043", this, "Show output", "Hide output");'>Show output</a>

<a href="#Output-855724043" onClick="toggleAllBoxes();">Show all outputs</a>
<div class='log' id="Output-855724043">
functional test case<br/>
</div>
</td>
<td></td>
<td>0</td>
<td>groupexecution.Group@65c7a252</td></tr>
<tr>
<td title='groupexecution.Group.logout()'><b>logout</b><br>Test class: groupexecution.Group<br/>
<a href="#Output-615853374" onClick='toggleBox("Output-615853374", this, "Show output", "Hide output");'>Show output</a>

<a href="#Output-615853374" onClick="toggleAllBoxes();">Show all outputs</a>
<div class='log' id="Output-615853374">
functional test case<br/>
</div>
</td>
<td></td>
<td>0</td>
<td>groupexecution.Group@65c7a252</td></tr>
<tr>
<td title='testNG_keywords.Enabled.m1()'><b>m1</b><br>Test class: testNG_keywords.Enabled<br/>
<a href="#Output-1526062841" onClick='toggleBox("Output-1526062841", this, "Show output", "Hide output");'>Show output</a>

<a href="#Output-1526062841" onClick="toggleAllBoxes();">Show all outputs</a>
<div class='log' id="Output-1526062841">
Hii,true<br/>
</div>
</td>
<td></td>
<td>0</td>
<td>testNG_keywords.Enabled@229c6181</td></tr>
<tr>
<td title='practice.Demo.m1()'><b>m1</b><br>Test class: practice.Demo<br/>
<a href="#Output-823914581" onClick='toggleBox("Output-823914581", this, "Show output", "Hide output");'>Show output</a>

<a href="#Output-823914581" onClick="toggleAllBoxes();">Show all outputs</a>
<div class='log' id="Output-823914581">
hii<br/>
</div>
</td>
<td></td>
<td>0</td>
<td>practice.Demo@52719fb6</td></tr>
<tr>
<td title='DDF.NotepadDataFetching.readDatafromNotepad()'><b>readDatafromNotepad</b><br>Test class: DDF.NotepadDataFetching</td>
<td></td>
<td>0</td>
<td>DDF.NotepadDataFetching@537f60bf</td></tr>
<tr>
<td title='batchexecution.C.TC9()'><b>TC9</b><br>Test class: batchexecution.C<br/>
<a href="#Output-2077662850" onClick='toggleBox("Output-2077662850", this, "Show output", "Hide output");'>Show output</a>

<a href="#Output-2077662850" onClick="toggleAllBoxes();">Show all outputs</a>
<div class='log' id="Output-2077662850">
I am TC9<br/>
</div>
</td>
<td></td>
<td>0</td>
<td>batchexecution.C@5824a83d</td></tr>
<tr>
<td title='batchexecution.B.TC4()'><b>TC4</b><br>Test class: batchexecution.B<br/>
<a href="#Output-1733619456" onClick='toggleBox("Output-1733619456", this, "Show output", "Hide output");'>Show output</a>

<a href="#Output-1733619456" onClick="toggleAllBoxes();">Show all outputs</a>
<div class='log' id="Output-1733619456">
I am TC4<br/>
</div>
</td>
<td></td>
<td>0</td>
<td>batchexecution.B@18df8434</td></tr>
<tr>
<td title='batchexecution.B.TC5()'><b>TC5</b><br>Test class: batchexecution.B<br/>
<a href="#Output-1637601612" onClick='toggleBox("Output-1637601612", this, "Show output", "Hide output");'>Show output</a>

<a href="#Output-1637601612" onClick="toggleAllBoxes();">Show all outputs</a>
<div class='log' id="Output-1637601612">
I am TC5<br/>
</div>
</td>
<td></td>
<td>0</td>
<td>batchexecution.B@18df8434</td></tr>
<tr>
<td title='testNG_keywords.invocation.m1()'><b>m1</b><br>Test class: testNG_keywords.invocation<br/>
<a href="#Output-1862674654" onClick='toggleBox("Output-1862674654", this, "Show output", "Hide output");'>Show output</a>

<a href="#Output-1862674654" onClick="toggleAllBoxes();">Show all outputs</a>
<div class='log' id="Output-1862674654">
naresh it<br/>
</div>
</td>
<td></td>
<td>0</td>
<td>testNG_keywords.invocation@7b36aa0c</td></tr>
<tr>
<td title='parallelexecution.P1.TC1()'><b>TC1</b><br>Test class: parallelexecution.P1</td>
<td></td>
<td>2</td>
<td>parallelexecution.P1@25641d39</td></tr>
<tr>
<td title='testNG_keywords.priority.logout()'><b>logout</b><br>Test class: testNG_keywords.priority<br/>
<a href="#Output-403174823" onClick='toggleBox("Output-403174823", this, "Show output", "Hide output");'>Show output</a>

<a href="#Output-403174823" onClick="toggleAllBoxes();">Show all outputs</a>
<div class='log' id="Output-403174823">
logout from application<br/>
</div>
</td>
<td></td>
<td>0</td>
<td>testNG_keywords.priority@37d4349f</td></tr>
<tr>
<td title='practice.A.m1()'><b>m1</b><br>Test class: practice.A<br/>
<a href="#Output-1855734078" onClick='toggleBox("Output-1855734078", this, "Show output", "Hide output");'>Show output</a>

<a href="#Output-1855734078" onClick="toggleAllBoxes();">Show all outputs</a>
<div class='log' id="Output-1855734078">
testng project<br/>
</div>
</td>
<td></td>
<td>0</td>
<td>practice.A@4d154ccd</td></tr>
<tr>
<td title='testNG_keywords.invocation.m1()'><b>m1</b><br>Test class: testNG_keywords.invocation<br/>
<a href="#Output-1068232840" onClick='toggleBox("Output-1068232840", this, "Show output", "Hide output");'>Show output</a>

<a href="#Output-1068232840" onClick="toggleAllBoxes();">Show all outputs</a>
<div class='log' id="Output-1068232840">
naresh it<br/>
</div>
</td>
<td></td>
<td>0</td>
<td>testNG_keywords.invocation@7b36aa0c</td></tr>
<tr>
<td title='batchexecution.A.TC2()'><b>TC2</b><br>Test class: batchexecution.A<br/>
<a href="#Output-1330247343" onClick='toggleBox("Output-1330247343", this, "Show output", "Hide output");'>Show output</a>

<a href="#Output-1330247343" onClick="toggleAllBoxes();">Show all outputs</a>
<div class='log' id="Output-1330247343">
I am TC2<br/>
</div>
</td>
<td></td>
<td>0</td>
<td>batchexecution.A@3012646b</td></tr>
<tr>
<td title='testNG_keywords.Annotations_Flow.mainTC()'><b>mainTC</b><br>Test class: testNG_keywords.Annotations_Flow</td>
<td></td>
<td>0</td>
<td>testNG_keywords.Annotations_Flow@5d534f5d</td></tr>
<tr>
<td title='batchexecution.C.TC8()'><b>TC8</b><br>Test class: batchexecution.C<br/>
<a href="#Output-740467528" onClick='toggleBox("Output-740467528", this, "Show output", "Hide output");'>Show output</a>

<a href="#Output-740467528" onClick="toggleAllBoxes();">Show all outputs</a>
<div class='log' id="Output-740467528">
I am TC8<br/>
</div>
</td>
<td></td>
<td>0</td>
<td>batchexecution.C@5824a83d</td></tr>
<tr>
<td title='batchexecution.A.TC1()'><b>TC1</b><br>Test class: batchexecution.A<br/>
<a href="#Output-566113173" onClick='toggleBox("Output-566113173", this, "Show output", "Hide output");'>Show output</a>

<a href="#Output-566113173" onClick="toggleAllBoxes();">Show all outputs</a>
<div class='log' id="Output-566113173">
I am TC1<br/>
</div>
</td>
<td></td>
<td>0</td>
<td>batchexecution.A@3012646b</td></tr>
<tr>
<td title='Test.TestNG_basics.googleTitleTest()'><b>googleTitleTest</b><br>Test class: Test.TestNG_basics</td>
<td></td>
<td>0</td>
<td>Test.TestNG_basics@70e9c95d</td></tr>
<tr>
<td title='testNG_keywords.invocation.m1()'><b>m1</b><br>Test class: testNG_keywords.invocation<br/>
<a href="#Output-1628289406" onClick='toggleBox("Output-1628289406", this, "Show output", "Hide output");'>Show output</a>

<a href="#Output-1628289406" onClick="toggleAllBoxes();">Show all outputs</a>
<div class='log' id="Output-1628289406">
naresh it<br/>
</div>
</td>
<td></td>
<td>0</td>
<td>testNG_keywords.invocation@7b36aa0c</td></tr>
<tr>
<td title='groupexecution.Group.verifylogo()'><b>verifylogo</b><br>Test class: groupexecution.Group<br/>
<a href="#Output-1969347346" onClick='toggleBox("Output-1969347346", this, "Show output", "Hide output");'>Show output</a>

<a href="#Output-1969347346" onClick="toggleAllBoxes();">Show all outputs</a>
<div class='log' id="Output-1969347346">
smoke test case<br/>
</div>
</td>
<td></td>
<td>0</td>
<td>groupexecution.Group@65c7a252</td></tr>
<tr>
<td title='parallelexecution.P2.TC2()'><b>TC2</b><br>Test class: parallelexecution.P2</td>
<td></td>
<td>6</td>
<td>parallelexecution.P2@4a883b15</td></tr>
<tr>
<td title='testNG_keywords.priority.login()'><b>login</b><br>Test class: testNG_keywords.priority<br/>
<a href="#Output-467796378" onClick='toggleBox("Output-467796378", this, "Show output", "Hide output");'>Show output</a>

<a href="#Output-467796378" onClick="toggleAllBoxes();">Show all outputs</a>
<div class='log' id="Output-467796378">
login to application<br/>
</div>
</td>
<td></td>
<td>0</td>
<td>testNG_keywords.priority@37d4349f</td></tr>
<tr>
<td title='batchexecution.B.TC6()'><b>TC6</b><br>Test class: batchexecution.B<br/>
<a href="#Output-842957574" onClick='toggleBox("Output-842957574", this, "Show output", "Hide output");'>Show output</a>

<a href="#Output-842957574" onClick="toggleAllBoxes();">Show all outputs</a>
<div class='log' id="Output-842957574">
I am TC6<br/>
</div>
</td>
<td></td>
<td>0</td>
<td>batchexecution.B@18df8434</td></tr>
<tr>
<td title='groupexecution.Group.verifyurl()'><b>verifyurl</b><br>Test class: groupexecution.Group<br/>
<a href="#Output-1255109302" onClick='toggleBox("Output-1255109302", this, "Show output", "Hide output");'>Show output</a>

<a href="#Output-1255109302" onClick="toggleAllBoxes();">Show all outputs</a>
<div class='log' id="Output-1255109302">
smoke test case<br/>
</div>
</td>
<td></td>
<td>0</td>
<td>groupexecution.Group@65c7a252</td></tr>
<tr>
<td title='testNG_keywords.Timeouts.testcase()'><b>testcase</b><br>Test class: testNG_keywords.Timeouts<br/>
<a href="#Output-1277613021" onClick='toggleBox("Output-1277613021", this, "Show output", "Hide output");'>Show output</a>

<a href="#Output-1277613021" onClick="toggleAllBoxes();">Show all outputs</a>
<div class='log' id="Output-1277613021">
hiii<br/>
</div>
</td>
<td></td>
<td>0</td>
<td>testNG_keywords.Timeouts@4d5650ae</td></tr>
<tr>
<td title='testNG_keywords.invocation.m1()'><b>m1</b><br>Test class: testNG_keywords.invocation<br/>
<a href="#Output-507061061" onClick='toggleBox("Output-507061061", this, "Show output", "Hide output");'>Show output</a>

<a href="#Output-507061061" onClick="toggleAllBoxes();">Show all outputs</a>
<div class='log' id="Output-507061061">
naresh it<br/>
</div>
</td>
<td></td>
<td>0</td>
<td>testNG_keywords.invocation@7b36aa0c</td></tr>
</table><p>
<table width='100%' border='1' class='invocation-skipped'>
<tr><td colspan='4' align='center'><b>SKIPPED TESTS</b></td></tr>
<tr><td><b>Test method</b></td>
<td width="30%"><b>Exception</b></td>
<td width="10%"><b>Time (seconds)</b></td>
<td><b>Instance</b></td>
</tr>
<tr>
<td title='testNG_keywords.Dependsonmethods.logut()'><b>logut</b><br>Test class: testNG_keywords.Dependsonmethods</td>
<td><div><pre>java.lang.Throwable: Method Dependsonmethods.logut()[pri:0, instance:testNG_keywords.Dependsonmethods@6221a451] depends on not successfully finished methods
	at java.base/java.util.ArrayList.forEach(ArrayList.java:1511)
... Removed 18 stack frames</pre></div><a href='#' onClick='toggleBox("stack-trace1096485705", this, "Click to show all stack frames", "Click to hide stack frames")'>Click to show all stack frames</a>
<div class='stack-trace' id='stack-trace1096485705'><pre>java.lang.Throwable: Method Dependsonmethods.logut()[pri:0, instance:testNG_keywords.Dependsonmethods@6221a451] depends on not successfully finished methods
	at org.testng.internal.TestInvoker.invokeTestMethods(TestInvoker.java:102)
	at org.testng.internal.TestMethodWorker.invokeTestMethods(TestMethodWorker.java:146)
	at org.testng.internal.TestMethodWorker.run(TestMethodWorker.java:128)
	at java.base/java.util.ArrayList.forEach(ArrayList.java:1511)
	at org.testng.TestRunner.privateRun(TestRunner.java:794)
	at org.testng.TestRunner.run(TestRunner.java:596)
	at org.testng.SuiteRunner.runTest(SuiteRunner.java:377)
	at org.testng.SuiteRunner.runSequentially(SuiteRunner.java:371)
	at org.testng.SuiteRunner.privateRun(SuiteRunner.java:332)
	at org.testng.SuiteRunner.run(SuiteRunner.java:276)
	at org.testng.SuiteRunnerWorker.runSuite(SuiteRunnerWorker.java:53)
	at org.testng.SuiteRunnerWorker.run(SuiteRunnerWorker.java:96)
	at org.testng.TestNG.runSuitesSequentially(TestNG.java:1212)
	at org.testng.TestNG.runSuitesLocally(TestNG.java:1134)
	at org.testng.TestNG.runSuites(TestNG.java:1063)
	at org.testng.TestNG.run(TestNG.java:1031)
	at org.testng.remote.AbstractRemoteTestNG.run(AbstractRemoteTestNG.java:115)
	at org.testng.remote.RemoteTestNG.initAndRun(RemoteTestNG.java:293)
	at org.testng.remote.RemoteTestNG.main(RemoteTestNG.java:91)
</pre></div></td>
<td>0</td>
<td>testNG_keywords.Dependsonmethods@6221a451</td></tr>
</table><p>
</body>
</html>