<?xml version="1.0" encoding="UTF-8"?>
<!-- Generated by org.testng.reporters.JUnitXMLReporter -->
<testsuite ignored="2" hostname="DESKTOP-LGQ4M5A" failures="4" tests="34" name="Test" time="9.464" errors="0" timestamp="2024-05-06T16:09:30 IST">
  <testcase classname="testNG_keywords.priority" name="login" time="0.006"/>
  <testcase classname="testNG_keywords.priority" name="logout" time="0.001"/>
  <testcase classname="testNG_keywords.Annotations_Flow" name="mainTC" time="0.001"/>
  <testcase classname="betterassertion.Hard_Assert" name="TC1" time="0.004">
    <failure type="java.lang.AssertionError" message="Both are not matching expected [Hello] but found [Hii]">
      <![CDATA[java.lang.AssertionError: Both are not matching expected [Hello] but found [Hii]
at betterassertion.Hard_Assert.TC1(Hard_Assert.java:11)
at java.base/java.util.ArrayList.forEach(ArrayList.java:1511)
... Removed 32 stack frames]]>
    </failure>
  </testcase> <!-- TC1 -->
  <testcase classname="Test.TestNG_basics" name="googleTitleTest" time="0.001"/>
  <testcase classname="Test.TestNG_basics" name="verifylogo" time="0.001">
    <failure type="java.lang.ArithmeticException" message="/ by zero">
      <![CDATA[java.lang.ArithmeticException: / by zero
at Test.TestNG_basics.verifylogo(TestNG_basics.java:38)
at java.base/java.util.ArrayList.forEach(ArrayList.java:1511)
... Removed 27 stack frames]]>
    </failure>
  </testcase> <!-- verifylogo -->
  <testcase classname="testNG_keywords.Timeouts" name="testcase" time="0.02"/>
  <testcase classname="testNG_keywords.Dependsonmethods" name="login" time="0.001">
    <failure type="java.lang.AssertionError" message="null">
      <![CDATA[java.lang.AssertionError: null
at testNG_keywords.Dependsonmethods.login(Dependsonmethods.java:14)
at java.base/java.util.ArrayList.forEach(ArrayList.java:1511)
... Removed 29 stack frames]]>
    </failure>
  </testcase> <!-- login -->
  <testcase classname="testNG_keywords.Dependsonmethods" name="logut" time="0.0">
    <skipped/>
  </testcase> <!-- logut -->
  <testcase classname="practice.Demo" name="m1" time="0.001"/>
  <testcase classname="practice.Demo" name="m2" time="0.001"/>
  <testcase classname="batchexecution.A" name="TC1" time="0.005"/>
  <testcase classname="batchexecution.A" name="TC2" time="0.001"/>
  <testcase classname="parallelexecution.P2" name="TC2" time="6.826"/>
  <testcase classname="parallelexecution.P1" name="TC1" time="2.332"/>
  <testcase classname="testNG_keywords.invocation" name="m1" time="0.004"/>
  <testcase classname="testNG_keywords.invocation" name="m1" time="0.003"/>
  <testcase classname="testNG_keywords.invocation" name="m1" time="0.001"/>
  <testcase classname="testNG_keywords.invocation" name="m1" time="0.002"/>
  <testcase classname="testNG_keywords.invocation" name="m1" time="0.001"/>
  <testcase classname="batchexecution.C" name="TC7" time="0.001"/>
  <testcase classname="batchexecution.C" name="TC8" time="0.002"/>
  <testcase classname="batchexecution.C" name="TC9" time="0.003"/>
  <testcase classname="DDF.NotepadDataFetching" name="readDatafromNotepad" time="0.029"/>
  <testcase classname="betterassertion.Soft_assert" name="TC2" time="0.011">
    <failure type="java.lang.AssertionError" message="The following asserts failed:
	both are not matching expected [hello] but found [hiii]">
      <![CDATA[java.lang.AssertionError: The following asserts failed:
both are not matching expected [hello] but found [hiii]
at betterassertion.Soft_assert.TC2(Soft_assert.java:16)
at java.base/java.util.ArrayList.forEach(ArrayList.java:1511)
... Removed 29 stack frames]]>
    </failure>
  </testcase> <!-- TC2 -->
  <testcase classname="batchexecution.B" name="TC4" time="0.001"/>
  <testcase classname="batchexecution.B" name="TC5" time="0.002"/>
  <testcase classname="batchexecution.B" name="TC6" time="0.001"/>
  <testcase classname="groupexecution.Group" name="verifyurl" time="0.003"/>
  <testcase classname="groupexecution.Group" name="verifylogo" time="0.001"/>
  <testcase classname="groupexecution.Group" name="login" time="0.001"/>
  <testcase classname="groupexecution.Group" name="logout" time="0.002"/>
  <testcase classname="practice.A" name="m1" time="0.002"/>
  <testcase classname="testNG_keywords.Enabled" name="m1" time="0.002"/>
  <testcase classname="batchexecution.A" name="TC3" time="0.0">
    <ignored/>
  </testcase> <!-- TC3 -->
  <testcase classname="testNG_keywords.Enabled" name="m2" time="0.0">
    <ignored/>
  </testcase> <!-- m2 -->
</testsuite> <!-- Test -->
